{"C:\\Users\\Lakshmana.H\\OneDrive - Brillio\\Desktop\\FSM\\React\\jest-react\\src\\config\\apiConfigUser.js": {"path":"C:\\Users\\Lakshmana.H\\OneDrive - Brillio\\Desktop\\FSM\\React\\jest-react\\src\\config\\apiConfigUser.js","statementMap":{"0":{"start":{"line":1,"column":21},"end":{"line":1,"column":49}}},"fnMap":{},"branchMap":{},"s":{"0":1},"f":{},"b":{},"_coverageSchema":"1a1c01bbd47fc00a2c39e90264f33305004495a9","hash":"b1502dbb5461285685dcca2ddfb9d2bad9b746d7"}
,"C:\\Users\\Lakshmana.H\\OneDrive - Brillio\\Desktop\\FSM\\React\\jest-react\\src\\page\\login\\Login.jsx": {"path":"C:\\Users\\Lakshmana.H\\OneDrive - Brillio\\Desktop\\FSM\\React\\jest-react\\src\\page\\login\\Login.jsx","statementMap":{"0":{"start":{"line":9,"column":28},"end":{"line":9,"column":40}},"1":{"start":{"line":10,"column":34},"end":{"line":10,"column":46}},"2":{"start":{"line":11,"column":38},"end":{"line":11,"column":50}},"3":{"start":{"line":12,"column":44},"end":{"line":12,"column":56}},"4":{"start":{"line":14,"column":19},"end":{"line":14,"column":32}},"5":{"start":{"line":17,"column":28},"end":{"line":25,"column":3}},"6":{"start":{"line":18,"column":18},"end":{"line":18,"column":32}},"7":{"start":{"line":19,"column":4},"end":{"line":19,"column":20}},"8":{"start":{"line":20,"column":4},"end":{"line":24,"column":5}},"9":{"start":{"line":21,"column":6},"end":{"line":21,"column":44}},"10":{"start":{"line":23,"column":6},"end":{"line":23,"column":24}},"11":{"start":{"line":28,"column":31},"end":{"line":36,"column":3}},"12":{"start":{"line":29,"column":18},"end":{"line":29,"column":32}},"13":{"start":{"line":30,"column":4},"end":{"line":30,"column":23}},"14":{"start":{"line":31,"column":4},"end":{"line":35,"column":5}},"15":{"start":{"line":32,"column":6},"end":{"line":32,"column":25}},"16":{"start":{"line":34,"column":6},"end":{"line":34,"column":27}},"17":{"start":{"line":38,"column":23},"end":{"line":97,"column":3}},"18":{"start":{"line":39,"column":4},"end":{"line":39,"column":23}},"19":{"start":{"line":41,"column":4},"end":{"line":44,"column":5}},"20":{"start":{"line":42,"column":6},"end":{"line":42,"column":73}},"21":{"start":{"line":43,"column":6},"end":{"line":43,"column":13}},"22":{"start":{"line":46,"column":4},"end":{"line":52,"column":6}},"23":{"start":{"line":55,"column":4},"end":{"line":61,"column":6}},"24":{"start":{"line":64,"column":4},"end":{"line":64,"column":65}},"25":{"start":{"line":64,"column":41},"end":{"line":64,"column":65}},"26":{"start":{"line":65,"column":4},"end":{"line":65,"column":77}},"27":{"start":{"line":65,"column":50},"end":{"line":65,"column":77}},"28":{"start":{"line":67,"column":4},"end":{"line":96,"column":5}},"29":{"start":{"line":68,"column":23},"end":{"line":71,"column":8}},"30":{"start":{"line":73,"column":6},"end":{"line":92,"column":7}},"31":{"start":{"line":74,"column":8},"end":{"line":74,"column":30}},"32":{"start":{"line":75,"column":50},"end":{"line":75,"column":68}},"33":{"start":{"line":76,"column":8},"end":{"line":76,"column":44}},"34":{"start":{"line":77,"column":8},"end":{"line":80,"column":9}},"35":{"start":{"line":78,"column":10},"end":{"line":78,"column":57}},"36":{"start":{"line":79,"column":10},"end":{"line":79,"column":17}},"37":{"start":{"line":82,"column":8},"end":{"line":82,"column":47}},"38":{"start":{"line":83,"column":8},"end":{"line":83,"column":51}},"39":{"start":{"line":84,"column":8},"end":{"line":84,"column":45}},"40":{"start":{"line":86,"column":8},"end":{"line":86,"column":43}},"41":{"start":{"line":87,"column":8},"end":{"line":87,"column":52}},"42":{"start":{"line":87,"column":25},"end":{"line":87,"column":45}},"43":{"start":{"line":89,"column":8},"end":{"line":89,"column":41}},"44":{"start":{"line":90,"column":8},"end":{"line":90,"column":52}},"45":{"start":{"line":91,"column":8},"end":{"line":91,"column":55}},"46":{"start":{"line":94,"column":6},"end":{"line":94,"column":61}},"47":{"start":{"line":99,"column":2},"end":{"line":184,"column":4}}},"fnMap":{"0":{"name":"Login","decl":{"start":{"line":8,"column":9},"end":{"line":8,"column":14}},"loc":{"start":{"line":8,"column":17},"end":{"line":185,"column":1}},"line":8},"1":{"name":"(anonymous_1)","decl":{"start":{"line":17,"column":28},"end":{"line":17,"column":29}},"loc":{"start":{"line":17,"column":35},"end":{"line":25,"column":3}},"line":17},"2":{"name":"(anonymous_2)","decl":{"start":{"line":28,"column":31},"end":{"line":28,"column":32}},"loc":{"start":{"line":28,"column":38},"end":{"line":36,"column":3}},"line":28},"3":{"name":"(anonymous_3)","decl":{"start":{"line":38,"column":23},"end":{"line":38,"column":24}},"loc":{"start":{"line":38,"column":36},"end":{"line":97,"column":3}},"line":38},"4":{"name":"(anonymous_4)","decl":{"start":{"line":87,"column":19},"end":{"line":87,"column":20}},"loc":{"start":{"line":87,"column":25},"end":{"line":87,"column":45}},"line":87}},"branchMap":{"0":{"loc":{"start":{"line":20,"column":4},"end":{"line":24,"column":5}},"type":"if","locations":[{"start":{"line":20,"column":4},"end":{"line":24,"column":5}},{"start":{"line":22,"column":11},"end":{"line":24,"column":5}}],"line":20},"1":{"loc":{"start":{"line":31,"column":4},"end":{"line":35,"column":5}},"type":"if","locations":[{"start":{"line":31,"column":4},"end":{"line":35,"column":5}},{"start":{"line":33,"column":11},"end":{"line":35,"column":5}}],"line":31},"2":{"loc":{"start":{"line":41,"column":4},"end":{"line":44,"column":5}},"type":"if","locations":[{"start":{"line":41,"column":4},"end":{"line":44,"column":5}},{"start":{},"end":{}}],"line":41},"3":{"loc":{"start":{"line":41,"column":8},"end":{"line":41,"column":35}},"type":"binary-expr","locations":[{"start":{"line":41,"column":8},"end":{"line":41,"column":18}},{"start":{"line":41,"column":22},"end":{"line":41,"column":35}}],"line":41},"4":{"loc":{"start":{"line":47,"column":6},"end":{"line":51,"column":12}},"type":"cond-expr","locations":[{"start":{"line":48,"column":10},"end":{"line":48,"column":30}},{"start":{"line":49,"column":10},"end":{"line":51,"column":12}}],"line":47},"5":{"loc":{"start":{"line":49,"column":10},"end":{"line":51,"column":12}},"type":"cond-expr","locations":[{"start":{"line":50,"column":10},"end":{"line":50,"column":33}},{"start":{"line":51,"column":10},"end":{"line":51,"column":12}}],"line":49},"6":{"loc":{"start":{"line":56,"column":6},"end":{"line":60,"column":12}},"type":"cond-expr","locations":[{"start":{"line":57,"column":10},"end":{"line":57,"column":33}},{"start":{"line":58,"column":10},"end":{"line":60,"column":12}}],"line":56},"7":{"loc":{"start":{"line":58,"column":10},"end":{"line":60,"column":12}},"type":"cond-expr","locations":[{"start":{"line":59,"column":10},"end":{"line":59,"column":56}},{"start":{"line":60,"column":10},"end":{"line":60,"column":12}}],"line":58},"8":{"loc":{"start":{"line":64,"column":4},"end":{"line":64,"column":65}},"type":"if","locations":[{"start":{"line":64,"column":4},"end":{"line":64,"column":65}},{"start":{},"end":{}}],"line":64},"9":{"loc":{"start":{"line":64,"column":8},"end":{"line":64,"column":39}},"type":"binary-expr","locations":[{"start":{"line":64,"column":8},"end":{"line":64,"column":14}},{"start":{"line":64,"column":18},"end":{"line":64,"column":39}}],"line":64},"10":{"loc":{"start":{"line":65,"column":4},"end":{"line":65,"column":77}},"type":"if","locations":[{"start":{"line":65,"column":4},"end":{"line":65,"column":77}},{"start":{},"end":{}}],"line":65},"11":{"loc":{"start":{"line":65,"column":8},"end":{"line":65,"column":48}},"type":"binary-expr","locations":[{"start":{"line":65,"column":8},"end":{"line":65,"column":17}},{"start":{"line":65,"column":21},"end":{"line":65,"column":48}}],"line":65},"12":{"loc":{"start":{"line":73,"column":6},"end":{"line":92,"column":7}},"type":"if","locations":[{"start":{"line":73,"column":6},"end":{"line":92,"column":7}},{"start":{"line":88,"column":13},"end":{"line":92,"column":7}}],"line":73},"13":{"loc":{"start":{"line":77,"column":8},"end":{"line":80,"column":9}},"type":"if","locations":[{"start":{"line":77,"column":8},"end":{"line":80,"column":9}},{"start":{},"end":{}}],"line":77},"14":{"loc":{"start":{"line":118,"column":34},"end":{"line":120,"column":75}},"type":"cond-expr","locations":[{"start":{"line":119,"column":38},"end":{"line":119,"column":73}},{"start":{"line":120,"column":38},"end":{"line":120,"column":75}}],"line":118},"15":{"loc":{"start":{"line":125,"column":13},"end":{"line":127,"column":13}},"type":"binary-expr","locations":[{"start":{"line":125,"column":13},"end":{"line":125,"column":23}},{"start":{"line":126,"column":14},"end":{"line":126,"column":71}}],"line":125},"16":{"loc":{"start":{"line":145,"column":34},"end":{"line":147,"column":75}},"type":"cond-expr","locations":[{"start":{"line":146,"column":38},"end":{"line":146,"column":73}},{"start":{"line":147,"column":38},"end":{"line":147,"column":75}}],"line":145},"17":{"loc":{"start":{"line":152,"column":13},"end":{"line":154,"column":13}},"type":"binary-expr","locations":[{"start":{"line":152,"column":13},"end":{"line":152,"column":26}},{"start":{"line":153,"column":14},"end":{"line":153,"column":74}}],"line":152},"18":{"loc":{"start":{"line":160,"column":22},"end":{"line":160,"column":53}},"type":"binary-expr","locations":[{"start":{"line":160,"column":22},"end":{"line":160,"column":34}},{"start":{"line":160,"column":38},"end":{"line":160,"column":53}}],"line":160}},"s":{"0":11,"1":10,"2":10,"3":10,"4":10,"5":10,"6":0,"7":0,"8":0,"9":0,"10":0,"11":10,"12":0,"13":0,"14":0,"15":0,"16":0,"17":10,"18":0,"19":0,"20":0,"21":0,"22":0,"23":0,"24":0,"25":0,"26":0,"27":0,"28":0,"29":0,"30":0,"31":0,"32":0,"33":0,"34":0,"35":0,"36":0,"37":0,"38":0,"39":0,"40":0,"41":0,"42":0,"43":0,"44":0,"45":0,"46":0,"47":10},"f":{"0":11,"1":0,"2":0,"3":0,"4":0},"b":{"0":[0,0],"1":[0,0],"2":[0,0],"3":[0,0],"4":[0,0],"5":[0,0],"6":[0,0],"7":[0,0],"8":[0,0],"9":[0,0],"10":[0,0],"11":[0,0],"12":[0,0],"13":[0,0],"14":[0,10],"15":[10,0],"16":[0,10],"17":[10,0],"18":[10,10]},"_coverageSchema":"1a1c01bbd47fc00a2c39e90264f33305004495a9","hash":"d4b395860ef01d2d003461517d117fcfef6ce74c"}
,"C:\\Users\\Lakshmana.H\\OneDrive - Brillio\\Desktop\\FSM\\React\\jest-react\\src\\utils\\apiClientUser.js": {"path":"C:\\Users\\Lakshmana.H\\OneDrive - Brillio\\Desktop\\FSM\\React\\jest-react\\src\\utils\\apiClientUser.js","statementMap":{"0":{"start":{"line":5,"column":18},"end":{"line":12,"column":2}},"1":{"start":{"line":15,"column":0},"end":{"line":41,"column":3}},"2":{"start":{"line":16,"column":2},"end":{"line":37,"column":3}},"3":{"start":{"line":17,"column":18},"end":{"line":17,"column":49}},"4":{"start":{"line":18,"column":18},"end":{"line":18,"column":49}},"5":{"start":{"line":19,"column":17},"end":{"line":19,"column":47}},"6":{"start":{"line":20,"column":4},"end":{"line":22,"column":5}},"7":{"start":{"line":21,"column":8},"end":{"line":21,"column":60}},"8":{"start":{"line":23,"column":4},"end":{"line":28,"column":3}},"9":{"start":{"line":24,"column":6},"end":{"line":24,"column":45}},"10":{"start":{"line":27,"column":4},"end":{"line":27,"column":42}},"11":{"start":{"line":29,"column":2},"end":{"line":34,"column":3}},"12":{"start":{"line":30,"column":6},"end":{"line":30,"column":43}},"13":{"start":{"line":33,"column":4},"end":{"line":33,"column":41}},"14":{"start":{"line":36,"column":4},"end":{"line":36,"column":60}},"15":{"start":{"line":38,"column":4},"end":{"line":38,"column":18}},"16":{"start":{"line":40,"column":2},"end":{"line":40,"column":31}},"17":{"start":{"line":43,"column":20},"end":{"line":43,"column":25}},"18":{"start":{"line":45,"column":0},"end":{"line":61,"column":2}},"19":{"start":{"line":46,"column":18},"end":{"line":46,"column":26}},"20":{"start":{"line":48,"column":8},"end":{"line":58,"column":9}},"21":{"start":{"line":49,"column":12},"end":{"line":57,"column":13}},"22":{"start":{"line":50,"column":16},"end":{"line":50,"column":37}},"23":{"start":{"line":51,"column":16},"end":{"line":51,"column":63}},"24":{"start":{"line":52,"column":16},"end":{"line":52,"column":39}},"25":{"start":{"line":53,"column":16},"end":{"line":55,"column":15}},"26":{"start":{"line":54,"column":18},"end":{"line":54,"column":50}},"27":{"start":{"line":59,"column":8},"end":{"line":59,"column":37}}},"fnMap":{"0":{"name":"(anonymous_0)","decl":{"start":{"line":15,"column":35},"end":{"line":15,"column":36}},"loc":{"start":{"line":15,"column":47},"end":{"line":39,"column":1}},"line":15},"1":{"name":"(anonymous_1)","decl":{"start":{"line":39,"column":3},"end":{"line":39,"column":4}},"loc":{"start":{"line":39,"column":13},"end":{"line":41,"column":1}},"line":39},"2":{"name":"(anonymous_2)","decl":{"start":{"line":46,"column":4},"end":{"line":46,"column":5}},"loc":{"start":{"line":46,"column":18},"end":{"line":46,"column":26}},"line":46},"3":{"name":"(anonymous_3)","decl":{"start":{"line":47,"column":4},"end":{"line":47,"column":5}},"loc":{"start":{"line":47,"column":21},"end":{"line":60,"column":5}},"line":47}},"branchMap":{"0":{"loc":{"start":{"line":20,"column":4},"end":{"line":22,"column":5}},"type":"if","locations":[{"start":{"line":20,"column":4},"end":{"line":22,"column":5}},{"start":{},"end":{}}],"line":20},"1":{"loc":{"start":{"line":23,"column":4},"end":{"line":28,"column":3}},"type":"if","locations":[{"start":{"line":23,"column":4},"end":{"line":28,"column":3}},{"start":{"line":26,"column":7},"end":{"line":28,"column":3}}],"line":23},"2":{"loc":{"start":{"line":29,"column":2},"end":{"line":34,"column":3}},"type":"if","locations":[{"start":{"line":29,"column":2},"end":{"line":34,"column":3}},{"start":{"line":32,"column":7},"end":{"line":34,"column":3}}],"line":29},"3":{"loc":{"start":{"line":48,"column":8},"end":{"line":58,"column":9}},"type":"if","locations":[{"start":{"line":48,"column":8},"end":{"line":58,"column":9}},{"start":{},"end":{}}],"line":48},"4":{"loc":{"start":{"line":48,"column":12},"end":{"line":48,"column":59}},"type":"binary-expr","locations":[{"start":{"line":48,"column":12},"end":{"line":48,"column":26}},{"start":{"line":48,"column":30},"end":{"line":48,"column":59}}],"line":48},"5":{"loc":{"start":{"line":49,"column":12},"end":{"line":57,"column":13}},"type":"if","locations":[{"start":{"line":49,"column":12},"end":{"line":57,"column":13}},{"start":{},"end":{}}],"line":49},"6":{"loc":{"start":{"line":53,"column":16},"end":{"line":55,"column":15}},"type":"if","locations":[{"start":{"line":53,"column":16},"end":{"line":55,"column":15}},{"start":{},"end":{}}],"line":53}},"s":{"0":1,"1":1,"2":0,"3":0,"4":0,"5":0,"6":0,"7":0,"8":0,"9":0,"10":0,"11":0,"12":0,"13":0,"14":0,"15":0,"16":0,"17":1,"18":1,"19":0,"20":0,"21":0,"22":0,"23":0,"24":0,"25":0,"26":0,"27":0},"f":{"0":0,"1":0,"2":0,"3":0},"b":{"0":[0,0],"1":[0,0],"2":[0,0],"3":[0,0],"4":[0,0],"5":[0,0],"6":[0,0]},"_coverageSchema":"1a1c01bbd47fc00a2c39e90264f33305004495a9","hash":"7df720ad6ded03e63fe0086286c809eba27689a8"}
,"C:\\Users\\Lakshmana.H\\OneDrive - Brillio\\Desktop\\FSM\\React\\jest-react\\src\\utils\\validation.js": {"path":"C:\\Users\\Lakshmana.H\\OneDrive - Brillio\\Desktop\\FSM\\React\\jest-react\\src\\utils\\validation.js","statementMap":{"0":{"start":{"line":1,"column":29},"end":{"line":3,"column":3}},"1":{"start":{"line":2,"column":4},"end":{"line":2,"column":57}},"2":{"start":{"line":5,"column":34},"end":{"line":7,"column":3}},"3":{"start":{"line":6,"column":4},"end":{"line":6,"column":88}},"4":{"start":{"line":9,"column":33},"end":{"line":11,"column":3}},"5":{"start":{"line":10,"column":4},"end":{"line":10,"column":43}},"6":{"start":{"line":13,"column":37},"end":{"line":15,"column":3}},"7":{"start":{"line":14,"column":4},"end":{"line":14,"column":51}},"8":{"start":{"line":17,"column":34},"end":{"line":19,"column":3}},"9":{"start":{"line":18,"column":4},"end":{"line":18,"column":51}},"10":{"start":{"line":21,"column":40},"end":{"line":23,"column":3}},"11":{"start":{"line":22,"column":4},"end":{"line":22,"column":53}},"12":{"start":{"line":25,"column":30},"end":{"line":28,"column":3}},"13":{"start":{"line":26,"column":23},"end":{"line":26,"column":52}},"14":{"start":{"line":27,"column":4},"end":{"line":27,"column":37}},"15":{"start":{"line":30,"column":40},"end":{"line":32,"column":3}},"16":{"start":{"line":31,"column":4},"end":{"line":31,"column":53}},"17":{"start":{"line":34,"column":38},"end":{"line":36,"column":3}},"18":{"start":{"line":35,"column":4},"end":{"line":35,"column":66}},"19":{"start":{"line":38,"column":33},"end":{"line":40,"column":3}},"20":{"start":{"line":39,"column":4},"end":{"line":39,"column":56}},"21":{"start":{"line":42,"column":41},"end":{"line":44,"column":3}},"22":{"start":{"line":43,"column":4},"end":{"line":43,"column":40}}},"fnMap":{"0":{"name":"(anonymous_0)","decl":{"start":{"line":1,"column":29},"end":{"line":1,"column":30}},"loc":{"start":{"line":1,"column":40},"end":{"line":3,"column":3}},"line":1},"1":{"name":"(anonymous_1)","decl":{"start":{"line":5,"column":34},"end":{"line":5,"column":35}},"loc":{"start":{"line":5,"column":48},"end":{"line":7,"column":3}},"line":5},"2":{"name":"(anonymous_2)","decl":{"start":{"line":9,"column":33},"end":{"line":9,"column":34}},"loc":{"start":{"line":9,"column":46},"end":{"line":11,"column":3}},"line":9},"3":{"name":"(anonymous_3)","decl":{"start":{"line":13,"column":37},"end":{"line":13,"column":38}},"loc":{"start":{"line":13,"column":48},"end":{"line":15,"column":3}},"line":13},"4":{"name":"(anonymous_4)","decl":{"start":{"line":17,"column":34},"end":{"line":17,"column":35}},"loc":{"start":{"line":17,"column":44},"end":{"line":19,"column":3}},"line":17},"5":{"name":"(anonymous_5)","decl":{"start":{"line":21,"column":40},"end":{"line":21,"column":41}},"loc":{"start":{"line":21,"column":52},"end":{"line":23,"column":3}},"line":21},"6":{"name":"(anonymous_6)","decl":{"start":{"line":25,"column":30},"end":{"line":25,"column":31}},"loc":{"start":{"line":25,"column":40},"end":{"line":28,"column":3}},"line":25},"7":{"name":"(anonymous_7)","decl":{"start":{"line":30,"column":40},"end":{"line":30,"column":41}},"loc":{"start":{"line":30,"column":60},"end":{"line":32,"column":3}},"line":30},"8":{"name":"(anonymous_8)","decl":{"start":{"line":34,"column":38},"end":{"line":34,"column":39}},"loc":{"start":{"line":34,"column":56},"end":{"line":36,"column":3}},"line":34},"9":{"name":"(anonymous_9)","decl":{"start":{"line":38,"column":33},"end":{"line":38,"column":34}},"loc":{"start":{"line":38,"column":46},"end":{"line":40,"column":3}},"line":38},"10":{"name":"(anonymous_10)","decl":{"start":{"line":42,"column":41},"end":{"line":42,"column":42}},"loc":{"start":{"line":42,"column":72},"end":{"line":44,"column":3}},"line":42}},"branchMap":{"0":{"loc":{"start":{"line":22,"column":11},"end":{"line":22,"column":52}},"type":"binary-expr","locations":[{"start":{"line":22,"column":11},"end":{"line":22,"column":29}},{"start":{"line":22,"column":33},"end":{"line":22,"column":52}}],"line":22},"1":{"loc":{"start":{"line":35,"column":11},"end":{"line":35,"column":65}},"type":"binary-expr","locations":[{"start":{"line":35,"column":11},"end":{"line":35,"column":38}},{"start":{"line":35,"column":42},"end":{"line":35,"column":65}}],"line":35},"2":{"loc":{"start":{"line":39,"column":11},"end":{"line":39,"column":55}},"type":"binary-expr","locations":[{"start":{"line":39,"column":11},"end":{"line":39,"column":30}},{"start":{"line":39,"column":34},"end":{"line":39,"column":55}}],"line":39}},"s":{"0":1,"1":0,"2":1,"3":0,"4":1,"5":0,"6":1,"7":0,"8":1,"9":0,"10":1,"11":0,"12":1,"13":0,"14":0,"15":1,"16":0,"17":1,"18":0,"19":1,"20":0,"21":1,"22":0},"f":{"0":0,"1":0,"2":0,"3":0,"4":0,"5":0,"6":0,"7":0,"8":0,"9":0,"10":0},"b":{"0":[0,0],"1":[0,0],"2":[0,0]},"_coverageSchema":"1a1c01bbd47fc00a2c39e90264f33305004495a9","hash":"e69b800317e59130c385c9767128d79d0266f027"}
}
